<?xml version="1.0" encoding="UTF-8"?>
<!-- Generated by org.testng.reporters.JUnitReportReporter -->
<testsuite hostname="NBIRTHRA-LAP" name="testCases.TestCaseName" tests="1" failures="0" timestamp="9 Apr 2018 19:11:02 GMT" time="762.795" errors="0">
  <testcase name="TC_ID" time="762.795" classname="testCases.TestCaseName"/>
</testsuite> <!-- testCases.TestCaseName -->
