<?xml version="1.0" encoding="UTF-8"?>
<!-- Generated by org.testng.reporters.JUnitReportReporter -->
<testsuite hostname="NBIRTHRA-LAP" name="testCases.TestCaseName" tests="20" failures="0" timestamp="10 Apr 2018 22:18:07 GMT" time="13499.750" errors="0">
  <testcase name="TC_ID" time="667.167" classname="testCases.TestCaseName"/>
  <testcase name="TC_ID" time="588.955" classname="testCases.TestCaseName"/>
  <testcase name="TC_ID" time="847.335" classname="testCases.TestCaseName"/>
  <testcase name="TC_ID" time="488.465" classname="testCases.TestCaseName"/>
  <testcase name="TC_ID" time="890.212" classname="testCases.TestCaseName"/>
  <testcase name="TC_ID" time="850.530" classname="testCases.TestCaseName"/>
  <testcase name="TC_ID" time="637.415" classname="testCases.TestCaseName"/>
  <testcase name="TC_ID" time="911.579" classname="testCases.TestCaseName"/>
  <testcase name="TC_ID" time="645.760" classname="testCases.TestCaseName"/>
  <testcase name="TC_ID" time="486.867" classname="testCases.TestCaseName"/>
  <testcase name="TC_ID" time="536.735" classname="testCases.TestCaseName"/>
  <testcase name="TC_ID" time="538.530" classname="testCases.TestCaseName"/>
  <testcase name="TC_ID" time="177.155" classname="testCases.TestCaseName"/>
  <testcase name="TC_ID" time="1354.262" classname="testCases.TestCaseName"/>
  <testcase name="TC_ID" time="720.886" classname="testCases.TestCaseName"/>
  <testcase name="TC_ID" time="530.955" classname="testCases.TestCaseName"/>
  <testcase name="TC_ID" time="398.962" classname="testCases.TestCaseName"/>
  <testcase name="TC_ID" time="575.637" classname="testCases.TestCaseName"/>
  <testcase name="TC_ID" time="787.537" classname="testCases.TestCaseName"/>
  <testcase name="TC_ID" time="864.806" classname="testCases.TestCaseName"/>
</testsuite> <!-- testCases.TestCaseName -->
